make all --print-data-base --no-builtin-variables --no-builtin-rules --question
sdl_example.dep:1: *** missing separator.  Stop.

# GNU Make 4.3
# Built for aarch64-unknown-linux-gnu
# Copyright (C) 1988-2020 Free Software Foundation, Inc.
# License GPLv3+: GNU GPL version 3 or later <http://gnu.org/licenses/gpl.html>
# This is free software: you are free to change and redistribute it.
# There is NO WARRANTY, to the extent permitted by law.

# Make data base, printed on Fri Aug 12 20:35:05 2022

# Variables

# environment
GDK_BACKEND = x11
# environment
LC_ALL = C
# environment
NO_AT_BRIDGE = 1
# environment
GTK_RC_FILES = /etc/gtk/gtkrc:/home/gcz/.gtkrc:/home/gcz/.config/gtkrc
# environment
VIRTUAL_ENV = /home/gcz/python-virtual-environments/stocks
# environment
KONSOLE_DBUS_SERVICE = :1.36
# environment
VSCODE_CWD = /home/gcz/programming/C/testCgames
# environment
WINDOWID = 50331655
# default
MAKE_COMMAND := make
# automatic
@D = $(patsubst %/,%,$(dir $@))
# environment
KONSOLE_VERSION = 220403
# environment
VSCODE_HANDLES_UNCAUGHT_ERRORS = true
# default
.VARIABLES := 
# environment
PWD = /home/gcz/programming/C/testCgames/sdl_example
# automatic
%D = $(patsubst %/,%,$(dir $%))
# environment
MAIL = /var/spool/mail/gcz
# environment
OLDPWD = /home/gcz/programming/C
# environment
KONSOLE_DBUS_WINDOW = /Windows/1
# automatic
^D = $(patsubst %/,%,$(dir $^))
# automatic
%F = $(notdir $%)
# environment
VSCODE_CODE_CACHE_PATH = /home/gcz/.config/Code/CachedData/3b889b090b5ad5793f524b5d1d39fda662b96a2a
# environment
XDG_SESSION_PATH = /org/freedesktop/DisplayManager/Session1
# environment
LANG = C
# environment
XAUTHORITY = /home/gcz/.Xauthority
# default
.LOADED := 
# default
.INCLUDE_DIRS = /usr/include /usr/local/include /usr/include
# environment
COLORFGBG = 15;0
# makefile
MAKEFLAGS = pqrR
# makefile
CURDIR := /home/gcz/programming/C/testCgames/sdl_example
# environment
APPLICATION_INSIGHTS_NO_DIAGNOSTIC_CHANNEL = 1
# automatic
*D = $(patsubst %/,%,$(dir $*))
# environment
PAM_KWALLET5_LOGIN = /run/user/1000/kwallet5.socket
# environment
MFLAGS = -pqrR
# default
.SHELLFLAGS := -c
# environment
XDG_CONFIG_DIRS = /home/gcz/.config/kdedefaults:/etc/xdg
# automatic
+D = $(patsubst %/,%,$(dir $+))
# environment
XCURSOR_THEME = breeze_cursors
# environment
XDG_SESSION_DESKTOP = KDE
# makefile (from 'sdl_example.dep', line 1)
MAKEFILE_LIST := Makefile sdl_example.dep
# automatic
@F = $(notdir $@)
# environment
VSCODE_PID = 1432
# environment
XDG_SESSION_TYPE = x11
# automatic
?D = $(patsubst %/,%,$(dir $?))
# environment
SESSION_MANAGER = local/pbp:@/tmp/.ICE-unix/555,unix/pbp:/tmp/.ICE-unix/555
# automatic
*F = $(notdir $*)
# environment
CHROME_DESKTOP = code-url-handler.desktop
# environment
DBUS_SESSION_BUS_ADDRESS = unix:path=/run/user/1000/bus
# automatic
<D = $(patsubst %/,%,$(dir $<))
# environment
VSCODE_NLS_CONFIG = {"locale":"en-us","availableLanguages":{},"_languagePackSupport":true}
# default
MAKE_HOST := aarch64-unknown-linux-gnu
# makefile
SHELL = /bin/sh
# default
MAKECMDGOALS := all
# makefile (from 'Makefile', line 23)
HEADERS = $(wildcard *.h $(LIBDIR)/*.h)
# environment
SHLVL = 2
# environment
PROFILEHOME = 
# environment
MAKELEVEL := 0
# default
MAKE = $(MAKE_COMMAND)
# environment
PATH = /home/gcz/python-virtual-environments/stocks/bin:/bin:/usr/bin:/usr/local/bin:/usr/local/sbin:/usr/bin/site_perl:/usr/bin/vendor_perl:/usr/bin/core_perl:/home/gcz/.local/bin
# default
MAKEFILES := 
# environment
LANGUAGE = 
# environment
MOTD_SHOWN = pam
# automatic
^F = $(notdir $^)
# environment
INVOCATION_ID = 33b479e8e28449a5b77c242ee98183d7
# automatic
?F = $(notdir $?)
# environment
GTK_CSD = 0
# environment
KDE_APPLICATIONS_AS_SCOPE = 1
# environment
XDG_SEAT = seat0
# environment
XDG_CURRENT_DESKTOP = KDE
# automatic
+F = $(notdir $+)
# environment
XDG_SEAT_PATH = /org/freedesktop/DisplayManager/Seat0
# environment
DESKTOP_SESSION = plasma
# environment
ORIGINAL_XDG_CURRENT_DESKTOP = KDE
# makefile (from 'Makefile', line 22)
OBJECTS = $(SOURCES:.c=.o)
# environment
GNUMAKEFLAGS := 
# environment
LOGNAME = gcz
# environment
XDG_VTNR = 1
# makefile
.DEFAULT_GOAL := all
# environment
SYSTEMD_EXEC_PID = 598
# environment
EDITOR = nano
# environment
DISPLAY = :0
# environment
GTK_MODULES = canberra-gtk-module
# environment
USER = gcz
# default
MAKE_VERSION := 4.3
# environment
KDE_SESSION_UID = 1000
# environment
KONSOLE_DBUS_SESSION = /Sessions/1
# environment
MANAGERPID = 506
# environment
_ = /bin/make
# environment
XDG_RUNTIME_DIR = /run/user/1000
# makefile (from 'Makefile', line 7)
CFLAGS := `sdl2-config --libs --cflags` -ggdb3 -O0 -g --std=c17 -Wall -lSDL2_image -lm
# environment
COLORTERM = truecolor
# environment
JOURNAL_STREAM = 8:13391
# environment
XDG_SESSION_CLASS = user
# environment
VSCODE_AMD_ENTRYPOINT = vs/workbench/api/node/extensionHostProcess
# environment
GTK2_RC_FILES = /etc/gtk-2.0/gtkrc:/home/gcz/.gtkrc-2.0:/home/gcz/.config/gtkrc-2.0
# environment
HOME = /home/gcz
# environment
ELECTRON_RUN_AS_NODE = 1
# environment
VSCODE_IPC_HOOK = /run/user/1000/vscode-edecff50-1.69.2-main.sock
# environment
TERM = xterm-256color
# environment
XDG_SESSION_ID = 2
# environment
XCURSOR_SIZE = 24
# default
.RECIPEPREFIX := 
# automatic
<F = $(notdir $<)
# default
SUFFIXES := 
# makefile (from 'Makefile', line 24)
REBUILDABLES = $(OBJECTS) $(TARGET)
# makefile (from 'Makefile', line 18)
TARGET = main
# environment
QT_AUTO_SCREEN_SCALE_FACTOR = 0
# environment
VSCODE_CLI = 1
# environment
ELECTRON_NO_ATTACH_CONSOLE = 1
# environment
SHELL_SESSION_ID = 23ace4f412a04145a4546a6f2a00a137
# environment
KDE_SESSION_VERSION = 5
# default
.FEATURES := target-specific order-only second-expansion else-if shortest-stem undefine oneshell nocomment grouped-target extra-prereqs archives jobserver output-sync check-symlink load
# makefile (from 'Makefile', line 4)
CC := clang
# makefile (from 'Makefile', line 21)
SOURCES = $(wildcard *.c $(LIBDIR)/*.c)
# environment
KDE_FULL_SESSION = true
# variable set hash-table stats:
# Load=114/1024=11%, Rehash=0, Collisions=3/140=2%

# Pattern-specific Variable Values

# No pattern-specific variable values.

# Directories

# / (device 45826, inode 2): 21 files, no impossibilities.
# . (device 45826, inode 644583): 8 files, no impossibilities.

# 29 files, no impossibilities in 2 directories.

# Implicit Rules

%.o: %.c Makefile
#  recipe to execute (from 'Makefile', line 33):
	 $(CC) $(CFLAGS) $(CPPFLAGS) $(TARGET_ARCH) -c -o $@ $<;

%.dep: %.c
#  recipe to execute (from 'Makefile', line 43):
	$(CC) -M $(FLAGS) $< > $@

# 2 implicit rules, 0 (0.0%) terminal.
# Files

# Not a target:
Makefile:
#  Implicit rule search has not been done.
#  Modification time never checked.
#  File has not been updated.

# Not a target:
sdl_example.o:
#  Implicit rule search has not been done.
#  Modification time never checked.
#  File has not been updated.

# Not a target:
.DEFAULT:
#  Implicit rule search has not been done.
#  Modification time never checked.
#  File has not been updated.

 
all: main
#  Command line target.
#  Implicit rule search has not been done.
#  Modification time never checked.
#  File has not been updated.
#  recipe to execute (from 'Makefile', line 27):
	echo All done

# Not a target:
sdl_example.dep:
#  Implicit rule search has not been done.
#  Modification time never checked.
#  File has not been updated.

main: sdl_example.o
#  Implicit rule search has not been done.
#  Modification time never checked.
#  File has not been updated.
#  recipe to execute (from 'Makefile', line 30):
	$(CC) -g -o $@ $^

# files hash-table stats:
# Load=7/1024=1%, Rehash=0, Collisions=0/13=0%
# VPATH Search Paths

# No 'vpath' search paths.

# No general ('VPATH' variable) search path.

# strcache buffers: 1 (0) / strings = 36 / storage = 238 B / avg = 6 B
# current buf: size = 8162 B / used = 238 B / count = 36 / avg = 6 B

# strcache performance: lookups = 52 / hit rate = 30%
# hash-table stats:
# Load=36/8192=0%, Rehash=0, Collisions=0/52=0%
# Finished Make data base on Fri Aug 12 20:35:05 2022

 
